[INFO  - 2020-03-11T23:40:13.477Z] GhostDriver - Main - running on port 51768
[INFO  - 2020-03-11T23:40:18.042Z] Session [aa1a9b40-63f1-11ea-abe5-a35d157fbb89] - page.settings - {"XSSAuditingEnabled":false,"javascriptCanCloseWindows":true,"javascriptCanOpenWindows":true,"javascriptEnabled":true,"loadImages":true,"localToRemoteUrlAccessEnabled":false,"userAgent":"Mozilla/5.0 (Windows NT 6.1; WOW64) AppleWebKit/538.1 (KHTML, like Gecko) PhantomJS/2.1.1 Safari/538.1","webSecurityEnabled":true}
[INFO  - 2020-03-11T23:40:18.042Z] Session [aa1a9b40-63f1-11ea-abe5-a35d157fbb89] - page.customHeaders:  - {}
[INFO  - 2020-03-11T23:40:18.042Z] Session [aa1a9b40-63f1-11ea-abe5-a35d157fbb89] - Session.negotiatedCapabilities - {"browserName":"phantomjs","version":"2.1.1","driverName":"ghostdriver","driverVersion":"1.2.0","platform":"windows-7-32bit","javascriptEnabled":true,"takesScreenshot":true,"handlesAlerts":false,"databaseEnabled":false,"locationContextEnabled":false,"applicationCacheEnabled":false,"browserConnectionEnabled":false,"cssSelectorsEnabled":true,"webStorageEnabled":false,"rotatable":false,"acceptSslCerts":false,"nativeEvents":true,"proxy":{"proxyType":"direct"}}
[INFO  - 2020-03-11T23:40:18.042Z] SessionManagerReqHand - _postNewSessionCommand - New Session Created: aa1a9b40-63f1-11ea-abe5-a35d157fbb89
[ERROR - 2020-03-11T23:40:21.500Z] WebElementLocator - _handleLocateCommand - Element(s) NOT Found: GAVE UP. Search Stop Time: 1583970021495

  phantomjs://platform/console++.js:263 in error
[ERROR - 2020-03-11T23:40:21.844Z] WebElementLocator - _handleLocateCommand - Element(s) NOT Found: GAVE UP. Search Stop Time: 1583970021790

  phantomjs://platform/console++.js:263 in error
[ERROR - 2020-03-11T23:40:22.126Z] WebElementLocator - _handleLocateCommand - Element(s) NOT Found: GAVE UP. Search Stop Time: 1583970022115

  phantomjs://platform/console++.js:263 in error
[ERROR - 2020-03-11T23:40:22.402Z] Session [aa1a9b40-63f1-11ea-abe5-a35d157fbb89] - page.onError - msg: TypeError: undefined is not a constructor (evaluating 'window.__CF$cv$chal([0x7a03f6c21c,0xf57fab088f])')

  phantomjs://platform/console++.js:263 in error
[ERROR - 2020-03-11T23:40:22.402Z] Session [aa1a9b40-63f1-11ea-abe5-a35d157fbb89] - page.onError - stack:
  (anonymous function) (https://tomato.to/?__cf_chl_jschl_tk__=1fd5baca285a3973fcb4071ad182ca0337e94a0d-1583970022-0-AUElUTALwFN9Mc2Tf4ccdzg7uRdS7GiBr4d9nH3a94s8eO2FkRqqRuvWM2Ls8tWdddQIfzI4hVVs8oKEfG4TtFjTkyXngFeefTdDPLCcnVjiB7rol6GA-KvnobIO0Ym3RPkOXO-EwfQ42zaFfD1UUUSm_w6LijQHxWMk4XntxnN4mNcfg1oxh-XUKRgoPsPV_tZ8PwOvxduuT_1sq22bR_BMv0cuOUhDe9SPGo07_lH-s1mCEFFiuREXZH1KJu5y5wEJjbqhGXcTassKvxiz254:177)

  phantomjs://platform/console++.js:263 in error
[ERROR - 2020-03-11T23:40:22.464Z] WebElementLocator - _handleLocateCommand - Element(s) NOT Found: GAVE UP. Search Stop Time: 1583970022456

  phantomjs://platform/console++.js:263 in error
[ERROR - 2020-03-11T23:40:22.487Z] Session [aa1a9b40-63f1-11ea-abe5-a35d157fbb89] - page.onError - msg: SyntaxError: Invalid flags supplied to RegExp constructor.

  phantomjs://platform/console++.js:263 in error
[ERROR - 2020-03-11T23:40:22.487Z] Session [aa1a9b40-63f1-11ea-abe5-a35d157fbb89] - page.onError - stack:
  RegExp (https://tomato.to/?__cf_chl_jschl_tk__=1fd5baca285a3973fcb4071ad182ca0337e94a0d-1583970022-0-AUElUTALwFN9Mc2Tf4ccdzg7uRdS7GiBr4d9nH3a94s8eO2FkRqqRuvWM2Ls8tWdddQIfzI4hVVs8oKEfG4TtFjTkyXngFeefTdDPLCcnVjiB7rol6GA-KvnobIO0Ym3RPkOXO-EwfQ42zaFfD1UUUSm_w6LijQHxWMk4XntxnN4mNcfg1oxh-XUKRgoPsPV_tZ8PwOvxduuT_1sq22bR_BMv0cuOUhDe9SPGo07_lH-s1mCEFFiuREXZH1KJu5y5wEJjbqhGXcTassKvxiz254:1)
  (anonymous function) (https://tomato.to/?__cf_chl_jschl_tk__=1fd5baca285a3973fcb4071ad182ca0337e94a0d-1583970022-0-AUElUTALwFN9Mc2Tf4ccdzg7uRdS7GiBr4d9nH3a94s8eO2FkRqqRuvWM2Ls8tWdddQIfzI4hVVs8oKEfG4TtFjTkyXngFeefTdDPLCcnVjiB7rol6GA-KvnobIO0Ym3RPkOXO-EwfQ42zaFfD1UUUSm_w6LijQHxWMk4XntxnN4mNcfg1oxh-XUKRgoPsPV_tZ8PwOvxduuT_1sq22bR_BMv0cuOUhDe9SPGo07_lH-s1mCEFFiuREXZH1KJu5y5wEJjbqhGXcTassKvxiz254:1)

  phantomjs://platform/console++.js:263 in error
[ERROR - 2020-03-11T23:40:22.749Z] WebElementLocator - _handleLocateCommand - Element(s) NOT Found: GAVE UP. Search Stop Time: 1583970022691

  phantomjs://platform/console++.js:263 in error
[ERROR - 2020-03-11T23:40:23.103Z] WebElementLocator - _handleLocateCommand - Element(s) NOT Found: GAVE UP. Search Stop Time: 1583970023093

  phantomjs://platform/console++.js:263 in error
[ERROR - 2020-03-11T23:40:23.500Z] WebElementLocator - _handleLocateCommand - Element(s) NOT Found: GAVE UP. Search Stop Time: 1583970023455

  phantomjs://platform/console++.js:263 in error
[ERROR - 2020-03-11T23:40:23.875Z] WebElementLocator - _handleLocateCommand - Element(s) NOT Found: GAVE UP. Search Stop Time: 1583970023821

  phantomjs://platform/console++.js:263 in error
[ERROR - 2020-03-11T23:40:24.237Z] WebElementLocator - _handleLocateCommand - Element(s) NOT Found: GAVE UP. Search Stop Time: 1583970024181

  phantomjs://platform/console++.js:263 in error
[ERROR - 2020-03-11T23:40:24.627Z] WebElementLocator - _handleLocateCommand - Element(s) NOT Found: GAVE UP. Search Stop Time: 1583970024568

  phantomjs://platform/console++.js:263 in error
[ERROR - 2020-03-11T23:40:25.000Z] WebElementLocator - _handleLocateCommand - Element(s) NOT Found: GAVE UP. Search Stop Time: 1583970024947

  phantomjs://platform/console++.js:263 in error
[ERROR - 2020-03-11T23:40:25.360Z] WebElementLocator - _handleLocateCommand - Element(s) NOT Found: GAVE UP. Search Stop Time: 1583970025308

  phantomjs://platform/console++.js:263 in error
[ERROR - 2020-03-11T23:40:25.734Z] WebElementLocator - _handleLocateCommand - Element(s) NOT Found: GAVE UP. Search Stop Time: 1583970025677

  phantomjs://platform/console++.js:263 in error
[ERROR - 2020-03-11T23:40:26.093Z] WebElementLocator - _handleLocateCommand - Element(s) NOT Found: GAVE UP. Search Stop Time: 1583970026042

  phantomjs://platform/console++.js:263 in error
[ERROR - 2020-03-11T23:40:26.451Z] WebElementLocator - _handleLocateCommand - Element(s) NOT Found: GAVE UP. Search Stop Time: 1583970026402

  phantomjs://platform/console++.js:263 in error
[ERROR - 2020-03-11T23:40:26.810Z] WebElementLocator - _handleLocateCommand - Element(s) NOT Found: GAVE UP. Search Stop Time: 1583970026757

  phantomjs://platform/console++.js:263 in error
[ERROR - 2020-03-11T23:40:27.162Z] WebElementLocator - _handleLocateCommand - Element(s) NOT Found: GAVE UP. Search Stop Time: 1583970027117

  phantomjs://platform/console++.js:263 in error
[ERROR - 2020-03-11T23:40:27.534Z] WebElementLocator - _handleLocateCommand - Element(s) NOT Found: GAVE UP. Search Stop Time: 1583970027489

  phantomjs://platform/console++.js:263 in error
[ERROR - 2020-03-11T23:40:27.894Z] WebElementLocator - _handleLocateCommand - Element(s) NOT Found: GAVE UP. Search Stop Time: 1583970027844

  phantomjs://platform/console++.js:263 in error
[ERROR - 2020-03-11T23:40:28.253Z] WebElementLocator - _handleLocateCommand - Element(s) NOT Found: GAVE UP. Search Stop Time: 1583970028205

  phantomjs://platform/console++.js:263 in error
[ERROR - 2020-03-11T23:40:28.613Z] WebElementLocator - _handleLocateCommand - Element(s) NOT Found: GAVE UP. Search Stop Time: 1583970028561

  phantomjs://platform/console++.js:263 in error
[ERROR - 2020-03-11T23:40:28.972Z] WebElementLocator - _handleLocateCommand - Element(s) NOT Found: GAVE UP. Search Stop Time: 1583970028921

  phantomjs://platform/console++.js:263 in error
[ERROR - 2020-03-11T23:40:29.329Z] WebElementLocator - _handleLocateCommand - Element(s) NOT Found: GAVE UP. Search Stop Time: 1583970029279

  phantomjs://platform/console++.js:263 in error
[ERROR - 2020-03-11T23:40:29.688Z] WebElementLocator - _handleLocateCommand - Element(s) NOT Found: GAVE UP. Search Stop Time: 1583970029636

  phantomjs://platform/console++.js:263 in error
[ERROR - 2020-03-11T23:40:30.048Z] WebElementLocator - _handleLocateCommand - Element(s) NOT Found: GAVE UP. Search Stop Time: 1583970029995

  phantomjs://platform/console++.js:263 in error
[ERROR - 2020-03-11T23:40:30.407Z] WebElementLocator - _handleLocateCommand - Element(s) NOT Found: GAVE UP. Search Stop Time: 1583970030356

  phantomjs://platform/console++.js:263 in error
[ERROR - 2020-03-11T23:40:30.765Z] WebElementLocator - _handleLocateCommand - Element(s) NOT Found: GAVE UP. Search Stop Time: 1583970030714

  phantomjs://platform/console++.js:263 in error
[ERROR - 2020-03-11T23:40:31.123Z] WebElementLocator - _handleLocateCommand - Element(s) NOT Found: GAVE UP. Search Stop Time: 1583970031075

  phantomjs://platform/console++.js:263 in error
[ERROR - 2020-03-11T23:40:31.482Z] WebElementLocator - _handleLocateCommand - Element(s) NOT Found: GAVE UP. Search Stop Time: 1583970031438

  phantomjs://platform/console++.js:263 in error
[ERROR - 2020-03-11T23:40:31.842Z] WebElementLocator - _handleLocateCommand - Element(s) NOT Found: GAVE UP. Search Stop Time: 1583970031789

  phantomjs://platform/console++.js:263 in error
[ERROR - 2020-03-11T23:40:32.185Z] WebElementLocator - _handleLocateCommand - Element(s) NOT Found: GAVE UP. Search Stop Time: 1583970032155

  phantomjs://platform/console++.js:263 in error
[ERROR - 2020-03-11T23:40:32.559Z] WebElementLocator - _handleLocateCommand - Element(s) NOT Found: GAVE UP. Search Stop Time: 1583970032497

  phantomjs://platform/console++.js:263 in error
[ERROR - 2020-03-11T23:40:32.918Z] WebElementLocator - _handleLocateCommand - Element(s) NOT Found: GAVE UP. Search Stop Time: 1583970032865

  phantomjs://platform/console++.js:263 in error
[ERROR - 2020-03-11T23:40:33.276Z] WebElementLocator - _handleLocateCommand - Element(s) NOT Found: GAVE UP. Search Stop Time: 1583970033229

  phantomjs://platform/console++.js:263 in error
[ERROR - 2020-03-11T23:40:33.635Z] WebElementLocator - _handleLocateCommand - Element(s) NOT Found: GAVE UP. Search Stop Time: 1583970033583

  phantomjs://platform/console++.js:263 in error
[ERROR - 2020-03-11T23:40:33.994Z] WebElementLocator - _handleLocateCommand - Element(s) NOT Found: GAVE UP. Search Stop Time: 1583970033949

  phantomjs://platform/console++.js:263 in error
[ERROR - 2020-03-11T23:40:34.353Z] WebElementLocator - _handleLocateCommand - Element(s) NOT Found: GAVE UP. Search Stop Time: 1583970034300

  phantomjs://platform/console++.js:263 in error
[ERROR - 2020-03-11T23:40:34.712Z] WebElementLocator - _handleLocateCommand - Element(s) NOT Found: GAVE UP. Search Stop Time: 1583970034667

  phantomjs://platform/console++.js:263 in error
[ERROR - 2020-03-11T23:40:35.071Z] WebElementLocator - _handleLocateCommand - Element(s) NOT Found: GAVE UP. Search Stop Time: 1583970035019

  phantomjs://platform/console++.js:263 in error
[ERROR - 2020-03-11T23:40:35.430Z] WebElementLocator - _handleLocateCommand - Element(s) NOT Found: GAVE UP. Search Stop Time: 1583970035385

  phantomjs://platform/console++.js:263 in error
[ERROR - 2020-03-11T23:40:35.789Z] WebElementLocator - _handleLocateCommand - Element(s) NOT Found: GAVE UP. Search Stop Time: 1583970035737

  phantomjs://platform/console++.js:263 in error
[ERROR - 2020-03-11T23:40:36.148Z] WebElementLocator - _handleLocateCommand - Element(s) NOT Found: GAVE UP. Search Stop Time: 1583970036098

  phantomjs://platform/console++.js:263 in error
[ERROR - 2020-03-11T23:40:36.507Z] WebElementLocator - _handleLocateCommand - Element(s) NOT Found: GAVE UP. Search Stop Time: 1583970036456

  phantomjs://platform/console++.js:263 in error
[ERROR - 2020-03-11T23:40:36.865Z] WebElementLocator - _handleLocateCommand - Element(s) NOT Found: GAVE UP. Search Stop Time: 1583970036813

  phantomjs://platform/console++.js:263 in error
[ERROR - 2020-03-11T23:40:37.225Z] WebElementLocator - _handleLocateCommand - Element(s) NOT Found: GAVE UP. Search Stop Time: 1583970037172

  phantomjs://platform/console++.js:263 in error
[ERROR - 2020-03-11T23:40:37.583Z] WebElementLocator - _handleLocateCommand - Element(s) NOT Found: GAVE UP. Search Stop Time: 1583970037531

  phantomjs://platform/console++.js:263 in error
[ERROR - 2020-03-11T23:40:37.942Z] WebElementLocator - _handleLocateCommand - Element(s) NOT Found: GAVE UP. Search Stop Time: 1583970037890

  phantomjs://platform/console++.js:263 in error
[ERROR - 2020-03-11T23:40:38.305Z] WebElementLocator - _handleLocateCommand - Element(s) NOT Found: GAVE UP. Search Stop Time: 1583970038249

  phantomjs://platform/console++.js:263 in error
[ERROR - 2020-03-11T23:40:38.663Z] WebElementLocator - _handleLocateCommand - Element(s) NOT Found: GAVE UP. Search Stop Time: 1583970038616

  phantomjs://platform/console++.js:263 in error
[ERROR - 2020-03-11T23:40:39.022Z] WebElementLocator - _handleLocateCommand - Element(s) NOT Found: GAVE UP. Search Stop Time: 1583970038972

  phantomjs://platform/console++.js:263 in error
[ERROR - 2020-03-11T23:40:39.381Z] WebElementLocator - _handleLocateCommand - Element(s) NOT Found: GAVE UP. Search Stop Time: 1583970039328

  phantomjs://platform/console++.js:263 in error
[ERROR - 2020-03-11T23:40:39.740Z] WebElementLocator - _handleLocateCommand - Element(s) NOT Found: GAVE UP. Search Stop Time: 1583970039688

  phantomjs://platform/console++.js:263 in error
[ERROR - 2020-03-11T23:40:40.098Z] WebElementLocator - _handleLocateCommand - Element(s) NOT Found: GAVE UP. Search Stop Time: 1583970040048

  phantomjs://platform/console++.js:263 in error
[ERROR - 2020-03-11T23:40:40.457Z] WebElementLocator - _handleLocateCommand - Element(s) NOT Found: GAVE UP. Search Stop Time: 1583970040405

  phantomjs://platform/console++.js:263 in error
[ERROR - 2020-03-11T23:40:40.816Z] WebElementLocator - _handleLocateCommand - Element(s) NOT Found: GAVE UP. Search Stop Time: 1583970040765

  phantomjs://platform/console++.js:263 in error
[ERROR - 2020-03-11T23:40:41.175Z] WebElementLocator - _handleLocateCommand - Element(s) NOT Found: GAVE UP. Search Stop Time: 1583970041123

  phantomjs://platform/console++.js:263 in error
[ERROR - 2020-03-11T23:40:41.534Z] WebElementLocator - _handleLocateCommand - Element(s) NOT Found: GAVE UP. Search Stop Time: 1583970041482

  phantomjs://platform/console++.js:263 in error
[ERROR - 2020-03-11T23:40:41.893Z] WebElementLocator - _handleLocateCommand - Element(s) NOT Found: GAVE UP. Search Stop Time: 1583970041840

  phantomjs://platform/console++.js:263 in error
[ERROR - 2020-03-11T23:40:42.251Z] WebElementLocator - _handleLocateCommand - Element(s) NOT Found: GAVE UP. Search Stop Time: 1583970042201

  phantomjs://platform/console++.js:263 in error
[ERROR - 2020-03-11T23:40:42.611Z] WebElementLocator - _handleLocateCommand - Element(s) NOT Found: GAVE UP. Search Stop Time: 1583970042557

  phantomjs://platform/console++.js:263 in error
[ERROR - 2020-03-11T23:40:42.971Z] WebElementLocator - _handleLocateCommand - Element(s) NOT Found: GAVE UP. Search Stop Time: 1583970042918

  phantomjs://platform/console++.js:263 in error
[ERROR - 2020-03-11T23:40:43.330Z] WebElementLocator - _handleLocateCommand - Element(s) NOT Found: GAVE UP. Search Stop Time: 1583970043277

  phantomjs://platform/console++.js:263 in error
[ERROR - 2020-03-11T23:40:43.689Z] WebElementLocator - _handleLocateCommand - Element(s) NOT Found: GAVE UP. Search Stop Time: 1583970043637

  phantomjs://platform/console++.js:263 in error
[ERROR - 2020-03-11T23:40:44.047Z] WebElementLocator - _handleLocateCommand - Element(s) NOT Found: GAVE UP. Search Stop Time: 1583970043996

  phantomjs://platform/console++.js:263 in error
[ERROR - 2020-03-11T23:40:44.407Z] WebElementLocator - _handleLocateCommand - Element(s) NOT Found: GAVE UP. Search Stop Time: 1583970044354

  phantomjs://platform/console++.js:263 in error
[ERROR - 2020-03-11T23:40:44.765Z] WebElementLocator - _handleLocateCommand - Element(s) NOT Found: GAVE UP. Search Stop Time: 1583970044714

  phantomjs://platform/console++.js:263 in error
[ERROR - 2020-03-11T23:40:45.124Z] WebElementLocator - _handleLocateCommand - Element(s) NOT Found: GAVE UP. Search Stop Time: 1583970045073

  phantomjs://platform/console++.js:263 in error
[ERROR - 2020-03-11T23:40:45.482Z] WebElementLocator - _handleLocateCommand - Element(s) NOT Found: GAVE UP. Search Stop Time: 1583970045431

  phantomjs://platform/console++.js:263 in error
[ERROR - 2020-03-11T23:40:45.842Z] WebElementLocator - _handleLocateCommand - Element(s) NOT Found: GAVE UP. Search Stop Time: 1583970045789

  phantomjs://platform/console++.js:263 in error
[ERROR - 2020-03-11T23:40:46.200Z] WebElementLocator - _handleLocateCommand - Element(s) NOT Found: GAVE UP. Search Stop Time: 1583970046148

  phantomjs://platform/console++.js:263 in error
[ERROR - 2020-03-11T23:40:46.560Z] WebElementLocator - _handleLocateCommand - Element(s) NOT Found: GAVE UP. Search Stop Time: 1583970046507

  phantomjs://platform/console++.js:263 in error
[ERROR - 2020-03-11T23:40:46.918Z] WebElementLocator - _handleLocateCommand - Element(s) NOT Found: GAVE UP. Search Stop Time: 1583970046867

  phantomjs://platform/console++.js:263 in error
[ERROR - 2020-03-11T23:40:47.277Z] WebElementLocator - _handleLocateCommand - Element(s) NOT Found: GAVE UP. Search Stop Time: 1583970047224

  phantomjs://platform/console++.js:263 in error
[ERROR - 2020-03-11T23:40:47.635Z] WebElementLocator - _handleLocateCommand - Element(s) NOT Found: GAVE UP. Search Stop Time: 1583970047585

  phantomjs://platform/console++.js:263 in error
[ERROR - 2020-03-11T23:40:47.995Z] WebElementLocator - _handleLocateCommand - Element(s) NOT Found: GAVE UP. Search Stop Time: 1583970047942

  phantomjs://platform/console++.js:263 in error
[ERROR - 2020-03-11T23:40:48.355Z] WebElementLocator - _handleLocateCommand - Element(s) NOT Found: GAVE UP. Search Stop Time: 1583970048302

  phantomjs://platform/console++.js:263 in error
[ERROR - 2020-03-11T23:40:48.714Z] WebElementLocator - _handleLocateCommand - Element(s) NOT Found: GAVE UP. Search Stop Time: 1583970048661

  phantomjs://platform/console++.js:263 in error
[ERROR - 2020-03-11T23:40:49.073Z] WebElementLocator - _handleLocateCommand - Element(s) NOT Found: GAVE UP. Search Stop Time: 1583970049021

  phantomjs://platform/console++.js:263 in error
[ERROR - 2020-03-11T23:40:49.433Z] WebElementLocator - _handleLocateCommand - Element(s) NOT Found: GAVE UP. Search Stop Time: 1583970049386

  phantomjs://platform/console++.js:263 in error
[ERROR - 2020-03-11T23:40:49.792Z] WebElementLocator - _handleLocateCommand - Element(s) NOT Found: GAVE UP. Search Stop Time: 1583970049740

  phantomjs://platform/console++.js:263 in error
[ERROR - 2020-03-11T23:40:50.151Z] WebElementLocator - _handleLocateCommand - Element(s) NOT Found: GAVE UP. Search Stop Time: 1583970050105

  phantomjs://platform/console++.js:263 in error
[ERROR - 2020-03-11T23:40:50.509Z] WebElementLocator - _handleLocateCommand - Element(s) NOT Found: GAVE UP. Search Stop Time: 1583970050458

  phantomjs://platform/console++.js:263 in error
[ERROR - 2020-03-11T23:40:50.868Z] WebElementLocator - _handleLocateCommand - Element(s) NOT Found: GAVE UP. Search Stop Time: 1583970050816

  phantomjs://platform/console++.js:263 in error
[ERROR - 2020-03-11T23:40:51.226Z] WebElementLocator - _handleLocateCommand - Element(s) NOT Found: GAVE UP. Search Stop Time: 1583970051176

  phantomjs://platform/console++.js:263 in error
[ERROR - 2020-03-11T23:40:51.586Z] WebElementLocator - _handleLocateCommand - Element(s) NOT Found: GAVE UP. Search Stop Time: 1583970051533

  phantomjs://platform/console++.js:263 in error
[ERROR - 2020-03-11T23:40:51.944Z] WebElementLocator - _handleLocateCommand - Element(s) NOT Found: GAVE UP. Search Stop Time: 1583970051892

  phantomjs://platform/console++.js:263 in error
[ERROR - 2020-03-11T23:40:52.303Z] WebElementLocator - _handleLocateCommand - Element(s) NOT Found: GAVE UP. Search Stop Time: 1583970052250

  phantomjs://platform/console++.js:263 in error
[ERROR - 2020-03-11T23:40:52.663Z] WebElementLocator - _handleLocateCommand - Element(s) NOT Found: GAVE UP. Search Stop Time: 1583970052610

  phantomjs://platform/console++.js:263 in error
[ERROR - 2020-03-11T23:40:53.022Z] WebElementLocator - _handleLocateCommand - Element(s) NOT Found: GAVE UP. Search Stop Time: 1583970052969

  phantomjs://platform/console++.js:263 in error
[ERROR - 2020-03-11T23:40:53.382Z] WebElementLocator - _handleLocateCommand - Element(s) NOT Found: GAVE UP. Search Stop Time: 1583970053328

  phantomjs://platform/console++.js:263 in error
[ERROR - 2020-03-11T23:40:53.742Z] WebElementLocator - _handleLocateCommand - Element(s) NOT Found: GAVE UP. Search Stop Time: 1583970053688

  phantomjs://platform/console++.js:263 in error
[ERROR - 2020-03-11T23:40:54.100Z] WebElementLocator - _handleLocateCommand - Element(s) NOT Found: GAVE UP. Search Stop Time: 1583970054049

  phantomjs://platform/console++.js:263 in error
[ERROR - 2020-03-11T23:40:54.459Z] WebElementLocator - _handleLocateCommand - Element(s) NOT Found: GAVE UP. Search Stop Time: 1583970054405

  phantomjs://platform/console++.js:263 in error
[ERROR - 2020-03-11T23:40:54.817Z] WebElementLocator - _handleLocateCommand - Element(s) NOT Found: GAVE UP. Search Stop Time: 1583970054767

  phantomjs://platform/console++.js:263 in error
[ERROR - 2020-03-11T23:40:55.177Z] WebElementLocator - _handleLocateCommand - Element(s) NOT Found: GAVE UP. Search Stop Time: 1583970055124

  phantomjs://platform/console++.js:263 in error
[ERROR - 2020-03-11T23:40:55.552Z] WebElementLocator - _handleLocateCommand - Element(s) NOT Found: GAVE UP. Search Stop Time: 1583970055492

  phantomjs://platform/console++.js:263 in error
[ERROR - 2020-03-11T23:40:55.910Z] WebElementLocator - _handleLocateCommand - Element(s) NOT Found: GAVE UP. Search Stop Time: 1583970055858

  phantomjs://platform/console++.js:263 in error
[ERROR - 2020-03-11T23:40:56.269Z] WebElementLocator - _handleLocateCommand - Element(s) NOT Found: GAVE UP. Search Stop Time: 1583970056223

  phantomjs://platform/console++.js:263 in error
[ERROR - 2020-03-11T23:40:56.628Z] WebElementLocator - _handleLocateCommand - Element(s) NOT Found: GAVE UP. Search Stop Time: 1583970056575

  phantomjs://platform/console++.js:263 in error
[ERROR - 2020-03-11T23:40:56.987Z] WebElementLocator - _handleLocateCommand - Element(s) NOT Found: GAVE UP. Search Stop Time: 1583970056935

  phantomjs://platform/console++.js:263 in error
[ERROR - 2020-03-11T23:40:57.345Z] WebElementLocator - _handleLocateCommand - Element(s) NOT Found: GAVE UP. Search Stop Time: 1583970057293

  phantomjs://platform/console++.js:263 in error
[ERROR - 2020-03-11T23:40:57.704Z] WebElementLocator - _handleLocateCommand - Element(s) NOT Found: GAVE UP. Search Stop Time: 1583970057653

  phantomjs://platform/console++.js:263 in error
[ERROR - 2020-03-11T23:40:58.063Z] WebElementLocator - _handleLocateCommand - Element(s) NOT Found: GAVE UP. Search Stop Time: 1583970058011

  phantomjs://platform/console++.js:263 in error
[ERROR - 2020-03-11T23:40:58.422Z] WebElementLocator - _handleLocateCommand - Element(s) NOT Found: GAVE UP. Search Stop Time: 1583970058369

  phantomjs://platform/console++.js:263 in error
[ERROR - 2020-03-11T23:40:58.780Z] WebElementLocator - _handleLocateCommand - Element(s) NOT Found: GAVE UP. Search Stop Time: 1583970058729

  phantomjs://platform/console++.js:263 in error
[ERROR - 2020-03-11T23:40:59.142Z] WebElementLocator - _handleLocateCommand - Element(s) NOT Found: GAVE UP. Search Stop Time: 1583970059087

  phantomjs://platform/console++.js:263 in error
[ERROR - 2020-03-11T23:40:59.498Z] WebElementLocator - _handleLocateCommand - Element(s) NOT Found: GAVE UP. Search Stop Time: 1583970059448

  phantomjs://platform/console++.js:263 in error
[ERROR - 2020-03-11T23:40:59.859Z] WebElementLocator - _handleLocateCommand - Element(s) NOT Found: GAVE UP. Search Stop Time: 1583970059805

  phantomjs://platform/console++.js:263 in error
[ERROR - 2020-03-11T23:41:00.216Z] WebElementLocator - _handleLocateCommand - Element(s) NOT Found: GAVE UP. Search Stop Time: 1583970060166

  phantomjs://platform/console++.js:263 in error
[ERROR - 2020-03-11T23:41:00.576Z] WebElementLocator - _handleLocateCommand - Element(s) NOT Found: GAVE UP. Search Stop Time: 1583970060524

  phantomjs://platform/console++.js:263 in error
[ERROR - 2020-03-11T23:41:00.933Z] WebElementLocator - _handleLocateCommand - Element(s) NOT Found: GAVE UP. Search Stop Time: 1583970060883

  phantomjs://platform/console++.js:263 in error
[ERROR - 2020-03-11T23:41:01.294Z] WebElementLocator - _handleLocateCommand - Element(s) NOT Found: GAVE UP. Search Stop Time: 1583970061240

  phantomjs://platform/console++.js:263 in error
[ERROR - 2020-03-11T23:41:01.651Z] WebElementLocator - _handleLocateCommand - Element(s) NOT Found: GAVE UP. Search Stop Time: 1583970061601

  phantomjs://platform/console++.js:263 in error
[ERROR - 2020-03-11T23:41:02.012Z] WebElementLocator - _handleLocateCommand - Element(s) NOT Found: GAVE UP. Search Stop Time: 1583970061957

  phantomjs://platform/console++.js:263 in error
[ERROR - 2020-03-11T23:41:02.368Z] WebElementLocator - _handleLocateCommand - Element(s) NOT Found: GAVE UP. Search Stop Time: 1583970062319

  phantomjs://platform/console++.js:263 in error
[ERROR - 2020-03-11T23:41:02.729Z] WebElementLocator - _handleLocateCommand - Element(s) NOT Found: GAVE UP. Search Stop Time: 1583970062675

  phantomjs://platform/console++.js:263 in error
[ERROR - 2020-03-11T23:41:03.086Z] WebElementLocator - _handleLocateCommand - Element(s) NOT Found: GAVE UP. Search Stop Time: 1583970063036

  phantomjs://platform/console++.js:263 in error
[ERROR - 2020-03-11T23:41:03.447Z] WebElementLocator - _handleLocateCommand - Element(s) NOT Found: GAVE UP. Search Stop Time: 1583970063393

  phantomjs://platform/console++.js:263 in error
[ERROR - 2020-03-11T23:41:03.804Z] WebElementLocator - _handleLocateCommand - Element(s) NOT Found: GAVE UP. Search Stop Time: 1583970063753

  phantomjs://platform/console++.js:263 in error
[ERROR - 2020-03-11T23:41:04.164Z] WebElementLocator - _handleLocateCommand - Element(s) NOT Found: GAVE UP. Search Stop Time: 1583970064110

  phantomjs://platform/console++.js:263 in error
[ERROR - 2020-03-11T23:41:04.521Z] WebElementLocator - _handleLocateCommand - Element(s) NOT Found: GAVE UP. Search Stop Time: 1583970064471

  phantomjs://platform/console++.js:263 in error
[ERROR - 2020-03-11T23:41:04.882Z] WebElementLocator - _handleLocateCommand - Element(s) NOT Found: GAVE UP. Search Stop Time: 1583970064828

  phantomjs://platform/console++.js:263 in error
[ERROR - 2020-03-11T23:41:05.239Z] WebElementLocator - _handleLocateCommand - Element(s) NOT Found: GAVE UP. Search Stop Time: 1583970065188

  phantomjs://platform/console++.js:263 in error
[ERROR - 2020-03-11T23:41:05.600Z] WebElementLocator - _handleLocateCommand - Element(s) NOT Found: GAVE UP. Search Stop Time: 1583970065546

  phantomjs://platform/console++.js:263 in error
[ERROR - 2020-03-11T23:41:05.956Z] WebElementLocator - _handleLocateCommand - Element(s) NOT Found: GAVE UP. Search Stop Time: 1583970065906

  phantomjs://platform/console++.js:263 in error
[ERROR - 2020-03-11T23:41:06.317Z] WebElementLocator - _handleLocateCommand - Element(s) NOT Found: GAVE UP. Search Stop Time: 1583970066263

  phantomjs://platform/console++.js:263 in error
[ERROR - 2020-03-11T23:41:06.674Z] WebElementLocator - _handleLocateCommand - Element(s) NOT Found: GAVE UP. Search Stop Time: 1583970066625

  phantomjs://platform/console++.js:263 in error
[ERROR - 2020-03-11T23:41:07.035Z] WebElementLocator - _handleLocateCommand - Element(s) NOT Found: GAVE UP. Search Stop Time: 1583970066980

  phantomjs://platform/console++.js:263 in error
[ERROR - 2020-03-11T23:41:07.392Z] WebElementLocator - _handleLocateCommand - Element(s) NOT Found: GAVE UP. Search Stop Time: 1583970067341

  phantomjs://platform/console++.js:263 in error
[ERROR - 2020-03-11T23:41:07.752Z] WebElementLocator - _handleLocateCommand - Element(s) NOT Found: GAVE UP. Search Stop Time: 1583970067698

  phantomjs://platform/console++.js:263 in error
[ERROR - 2020-03-11T23:41:08.109Z] WebElementLocator - _handleLocateCommand - Element(s) NOT Found: GAVE UP. Search Stop Time: 1583970068059

  phantomjs://platform/console++.js:263 in error
[ERROR - 2020-03-11T23:41:08.470Z] WebElementLocator - _handleLocateCommand - Element(s) NOT Found: GAVE UP. Search Stop Time: 1583970068416

  phantomjs://platform/console++.js:263 in error
[ERROR - 2020-03-11T23:41:08.827Z] WebElementLocator - _handleLocateCommand - Element(s) NOT Found: GAVE UP. Search Stop Time: 1583970068777

  phantomjs://platform/console++.js:263 in error
[ERROR - 2020-03-11T23:41:09.139Z] WebElementLocator - _handleLocateCommand - Element(s) NOT Found: GAVE UP. Search Stop Time: 1583970069133

  phantomjs://platform/console++.js:263 in error
[ERROR - 2020-03-11T23:41:09.513Z] WebElementLocator - _handleLocateCommand - Element(s) NOT Found: GAVE UP. Search Stop Time: 1583970069455

  phantomjs://platform/console++.js:263 in error
[ERROR - 2020-03-11T23:41:09.872Z] WebElementLocator - _handleLocateCommand - Element(s) NOT Found: GAVE UP. Search Stop Time: 1583970069820

  phantomjs://platform/console++.js:263 in error
[ERROR - 2020-03-11T23:41:10.231Z] WebElementLocator - _handleLocateCommand - Element(s) NOT Found: GAVE UP. Search Stop Time: 1583970070178

  phantomjs://platform/console++.js:263 in error
[ERROR - 2020-03-11T23:41:10.589Z] WebElementLocator - _handleLocateCommand - Element(s) NOT Found: GAVE UP. Search Stop Time: 1583970070537

  phantomjs://platform/console++.js:263 in error
[ERROR - 2020-03-11T23:41:10.948Z] WebElementLocator - _handleLocateCommand - Element(s) NOT Found: GAVE UP. Search Stop Time: 1583970070896

  phantomjs://platform/console++.js:263 in error
[ERROR - 2020-03-11T23:41:11.307Z] WebElementLocator - _handleLocateCommand - Element(s) NOT Found: GAVE UP. Search Stop Time: 1583970071256

  phantomjs://platform/console++.js:263 in error
[ERROR - 2020-03-11T23:41:11.667Z] WebElementLocator - _handleLocateCommand - Element(s) NOT Found: GAVE UP. Search Stop Time: 1583970071614

  phantomjs://platform/console++.js:263 in error
[ERROR - 2020-03-11T23:41:12.027Z] WebElementLocator - _handleLocateCommand - Element(s) NOT Found: GAVE UP. Search Stop Time: 1583970071976

  phantomjs://platform/console++.js:263 in error
[ERROR - 2020-03-11T23:41:12.386Z] WebElementLocator - _handleLocateCommand - Element(s) NOT Found: GAVE UP. Search Stop Time: 1583970072334

  phantomjs://platform/console++.js:263 in error
[ERROR - 2020-03-11T23:41:12.744Z] WebElementLocator - _handleLocateCommand - Element(s) NOT Found: GAVE UP. Search Stop Time: 1583970072692

  phantomjs://platform/console++.js:263 in error
[ERROR - 2020-03-11T23:41:13.103Z] WebElementLocator - _handleLocateCommand - Element(s) NOT Found: GAVE UP. Search Stop Time: 1583970073050

  phantomjs://platform/console++.js:263 in error
[ERROR - 2020-03-11T23:41:13.462Z] WebElementLocator - _handleLocateCommand - Element(s) NOT Found: GAVE UP. Search Stop Time: 1583970073411

  phantomjs://platform/console++.js:263 in error
[ERROR - 2020-03-11T23:41:13.821Z] WebElementLocator - _handleLocateCommand - Element(s) NOT Found: GAVE UP. Search Stop Time: 1583970073768

  phantomjs://platform/console++.js:263 in error
[ERROR - 2020-03-11T23:41:14.180Z] WebElementLocator - _handleLocateCommand - Element(s) NOT Found: GAVE UP. Search Stop Time: 1583970074128

  phantomjs://platform/console++.js:263 in error
[ERROR - 2020-03-11T23:41:14.540Z] WebElementLocator - _handleLocateCommand - Element(s) NOT Found: GAVE UP. Search Stop Time: 1583970074486

  phantomjs://platform/console++.js:263 in error
[ERROR - 2020-03-11T23:41:14.897Z] WebElementLocator - _handleLocateCommand - Element(s) NOT Found: GAVE UP. Search Stop Time: 1583970074847

  phantomjs://platform/console++.js:263 in error
[ERROR - 2020-03-11T23:41:15.258Z] WebElementLocator - _handleLocateCommand - Element(s) NOT Found: GAVE UP. Search Stop Time: 1583970075203

  phantomjs://platform/console++.js:263 in error
[ERROR - 2020-03-11T23:41:15.615Z] WebElementLocator - _handleLocateCommand - Element(s) NOT Found: GAVE UP. Search Stop Time: 1583970075565

  phantomjs://platform/console++.js:263 in error
[ERROR - 2020-03-11T23:41:15.973Z] WebElementLocator - _handleLocateCommand - Element(s) NOT Found: GAVE UP. Search Stop Time: 1583970075921

  phantomjs://platform/console++.js:263 in error
[ERROR - 2020-03-11T23:41:16.332Z] WebElementLocator - _handleLocateCommand - Element(s) NOT Found: GAVE UP. Search Stop Time: 1583970076280

  phantomjs://platform/console++.js:263 in error
[ERROR - 2020-03-11T23:41:16.691Z] WebElementLocator - _handleLocateCommand - Element(s) NOT Found: GAVE UP. Search Stop Time: 1583970076638

  phantomjs://platform/console++.js:263 in error
[ERROR - 2020-03-11T23:41:17.050Z] WebElementLocator - _handleLocateCommand - Element(s) NOT Found: GAVE UP. Search Stop Time: 1583970076998

  phantomjs://platform/console++.js:263 in error
[ERROR - 2020-03-11T23:41:17.409Z] WebElementLocator - _handleLocateCommand - Element(s) NOT Found: GAVE UP. Search Stop Time: 1583970077356

  phantomjs://platform/console++.js:263 in error
[ERROR - 2020-03-11T23:41:17.769Z] WebElementLocator - _handleLocateCommand - Element(s) NOT Found: GAVE UP. Search Stop Time: 1583970077716

  phantomjs://platform/console++.js:263 in error
[ERROR - 2020-03-11T23:41:18.128Z] WebElementLocator - _handleLocateCommand - Element(s) NOT Found: GAVE UP. Search Stop Time: 1583970078079

  phantomjs://platform/console++.js:263 in error
[ERROR - 2020-03-11T23:41:18.486Z] WebElementLocator - _handleLocateCommand - Element(s) NOT Found: GAVE UP. Search Stop Time: 1583970078436

  phantomjs://platform/console++.js:263 in error
[ERROR - 2020-03-11T23:41:18.845Z] WebElementLocator - _handleLocateCommand - Element(s) NOT Found: GAVE UP. Search Stop Time: 1583970078798

  phantomjs://platform/console++.js:263 in error
[ERROR - 2020-03-11T23:41:19.203Z] WebElementLocator - _handleLocateCommand - Element(s) NOT Found: GAVE UP. Search Stop Time: 1583970079152

  phantomjs://platform/console++.js:263 in error
[ERROR - 2020-03-11T23:41:19.563Z] WebElementLocator - _handleLocateCommand - Element(s) NOT Found: GAVE UP. Search Stop Time: 1583970079515

  phantomjs://platform/console++.js:263 in error
[ERROR - 2020-03-11T23:41:19.921Z] WebElementLocator - _handleLocateCommand - Element(s) NOT Found: GAVE UP. Search Stop Time: 1583970079869

  phantomjs://platform/console++.js:263 in error
[ERROR - 2020-03-11T23:41:20.280Z] WebElementLocator - _handleLocateCommand - Element(s) NOT Found: GAVE UP. Search Stop Time: 1583970080231

  phantomjs://platform/console++.js:263 in error
[ERROR - 2020-03-11T23:41:20.639Z] WebElementLocator - _handleLocateCommand - Element(s) NOT Found: GAVE UP. Search Stop Time: 1583970080587

  phantomjs://platform/console++.js:263 in error
[ERROR - 2020-03-11T23:41:20.998Z] WebElementLocator - _handleLocateCommand - Element(s) NOT Found: GAVE UP. Search Stop Time: 1583970080950

  phantomjs://platform/console++.js:263 in error
[ERROR - 2020-03-11T23:41:21.356Z] WebElementLocator - _handleLocateCommand - Element(s) NOT Found: GAVE UP. Search Stop Time: 1583970081305

  phantomjs://platform/console++.js:263 in error
[ERROR - 2020-03-11T23:41:21.715Z] WebElementLocator - _handleLocateCommand - Element(s) NOT Found: GAVE UP. Search Stop Time: 1583970081668

  phantomjs://platform/console++.js:263 in error
[ERROR - 2020-03-11T23:41:22.074Z] WebElementLocator - _handleLocateCommand - Element(s) NOT Found: GAVE UP. Search Stop Time: 1583970082022

  phantomjs://platform/console++.js:263 in error
[ERROR - 2020-03-11T23:41:22.450Z] WebElementLocator - _handleLocateCommand - Element(s) NOT Found: GAVE UP. Search Stop Time: 1583970082390

  phantomjs://platform/console++.js:263 in error
[ERROR - 2020-03-11T23:41:22.841Z] WebElementLocator - _handleLocateCommand - Element(s) NOT Found: GAVE UP. Search Stop Time: 1583970082786

  phantomjs://platform/console++.js:263 in error
[ERROR - 2020-03-11T23:41:23.202Z] WebElementLocator - _handleLocateCommand - Element(s) NOT Found: GAVE UP. Search Stop Time: 1583970083153

  phantomjs://platform/console++.js:263 in error
[ERROR - 2020-03-11T23:41:23.561Z] WebElementLocator - _handleLocateCommand - Element(s) NOT Found: GAVE UP. Search Stop Time: 1583970083509

  phantomjs://platform/console++.js:263 in error
[ERROR - 2020-03-11T23:41:23.921Z] WebElementLocator - _handleLocateCommand - Element(s) NOT Found: GAVE UP. Search Stop Time: 1583970083872

  phantomjs://platform/console++.js:263 in error
[ERROR - 2020-03-11T23:41:24.280Z] WebElementLocator - _handleLocateCommand - Element(s) NOT Found: GAVE UP. Search Stop Time: 1583970084227

  phantomjs://platform/console++.js:263 in error
[ERROR - 2020-03-11T23:41:24.638Z] WebElementLocator - _handleLocateCommand - Element(s) NOT Found: GAVE UP. Search Stop Time: 1583970084592

  phantomjs://platform/console++.js:263 in error
[ERROR - 2020-03-11T23:41:24.997Z] WebElementLocator - _handleLocateCommand - Element(s) NOT Found: GAVE UP. Search Stop Time: 1583970084946

  phantomjs://platform/console++.js:263 in error
[ERROR - 2020-03-11T23:41:25.356Z] WebElementLocator - _handleLocateCommand - Element(s) NOT Found: GAVE UP. Search Stop Time: 1583970085309

  phantomjs://platform/console++.js:263 in error
[ERROR - 2020-03-11T23:41:25.715Z] WebElementLocator - _handleLocateCommand - Element(s) NOT Found: GAVE UP. Search Stop Time: 1583970085662

  phantomjs://platform/console++.js:263 in error
[ERROR - 2020-03-11T23:41:26.074Z] WebElementLocator - _handleLocateCommand - Element(s) NOT Found: GAVE UP. Search Stop Time: 1583970086028

  phantomjs://platform/console++.js:263 in error
[ERROR - 2020-03-11T23:41:26.432Z] WebElementLocator - _handleLocateCommand - Element(s) NOT Found: GAVE UP. Search Stop Time: 1583970086380

  phantomjs://platform/console++.js:263 in error
[ERROR - 2020-03-11T23:41:26.793Z] WebElementLocator - _handleLocateCommand - Element(s) NOT Found: GAVE UP. Search Stop Time: 1583970086744

  phantomjs://platform/console++.js:263 in error
[ERROR - 2020-03-11T23:41:27.152Z] WebElementLocator - _handleLocateCommand - Element(s) NOT Found: GAVE UP. Search Stop Time: 1583970087100

  phantomjs://platform/console++.js:263 in error
[ERROR - 2020-03-11T23:41:27.511Z] WebElementLocator - _handleLocateCommand - Element(s) NOT Found: GAVE UP. Search Stop Time: 1583970087463

  phantomjs://platform/console++.js:263 in error
[ERROR - 2020-03-11T23:41:27.869Z] WebElementLocator - _handleLocateCommand - Element(s) NOT Found: GAVE UP. Search Stop Time: 1583970087817

  phantomjs://platform/console++.js:263 in error
[ERROR - 2020-03-11T23:41:28.228Z] WebElementLocator - _handleLocateCommand - Element(s) NOT Found: GAVE UP. Search Stop Time: 1583970088181

  phantomjs://platform/console++.js:263 in error
[ERROR - 2020-03-11T23:41:28.587Z] WebElementLocator - _handleLocateCommand - Element(s) NOT Found: GAVE UP. Search Stop Time: 1583970088535

  phantomjs://platform/console++.js:263 in error
[ERROR - 2020-03-11T23:41:28.946Z] WebElementLocator - _handleLocateCommand - Element(s) NOT Found: GAVE UP. Search Stop Time: 1583970088900

  phantomjs://platform/console++.js:263 in error
[ERROR - 2020-03-11T23:41:29.305Z] WebElementLocator - _handleLocateCommand - Element(s) NOT Found: GAVE UP. Search Stop Time: 1583970089252

  phantomjs://platform/console++.js:263 in error
[ERROR - 2020-03-11T23:41:29.664Z] WebElementLocator - _handleLocateCommand - Element(s) NOT Found: GAVE UP. Search Stop Time: 1583970089617

  phantomjs://platform/console++.js:263 in error
[ERROR - 2020-03-11T23:41:30.022Z] WebElementLocator - _handleLocateCommand - Element(s) NOT Found: GAVE UP. Search Stop Time: 1583970089969

  phantomjs://platform/console++.js:263 in error
[ERROR - 2020-03-11T23:41:30.381Z] WebElementLocator - _handleLocateCommand - Element(s) NOT Found: GAVE UP. Search Stop Time: 1583970090334

  phantomjs://platform/console++.js:263 in error
[ERROR - 2020-03-11T23:41:30.740Z] WebElementLocator - _handleLocateCommand - Element(s) NOT Found: GAVE UP. Search Stop Time: 1583970090687

  phantomjs://platform/console++.js:263 in error
[ERROR - 2020-03-11T23:41:31.099Z] WebElementLocator - _handleLocateCommand - Element(s) NOT Found: GAVE UP. Search Stop Time: 1583970091053

  phantomjs://platform/console++.js:263 in error
[ERROR - 2020-03-11T23:41:31.458Z] WebElementLocator - _handleLocateCommand - Element(s) NOT Found: GAVE UP. Search Stop Time: 1583970091405

  phantomjs://platform/console++.js:263 in error
[ERROR - 2020-03-11T23:41:31.816Z] WebElementLocator - _handleLocateCommand - Element(s) NOT Found: GAVE UP. Search Stop Time: 1583970091770

  phantomjs://platform/console++.js:263 in error
[ERROR - 2020-03-11T23:41:32.175Z] WebElementLocator - _handleLocateCommand - Element(s) NOT Found: GAVE UP. Search Stop Time: 1583970092123

  phantomjs://platform/console++.js:263 in error
[ERROR - 2020-03-11T23:41:32.534Z] WebElementLocator - _handleLocateCommand - Element(s) NOT Found: GAVE UP. Search Stop Time: 1583970092488

  phantomjs://platform/console++.js:263 in error
[ERROR - 2020-03-11T23:41:32.893Z] WebElementLocator - _handleLocateCommand - Element(s) NOT Found: GAVE UP. Search Stop Time: 1583970092840

  phantomjs://platform/console++.js:263 in error
[ERROR - 2020-03-11T23:41:33.251Z] WebElementLocator - _handleLocateCommand - Element(s) NOT Found: GAVE UP. Search Stop Time: 1583970093204

  phantomjs://platform/console++.js:263 in error
[ERROR - 2020-03-11T23:41:33.611Z] WebElementLocator - _handleLocateCommand - Element(s) NOT Found: GAVE UP. Search Stop Time: 1583970093562

  phantomjs://platform/console++.js:263 in error
[ERROR - 2020-03-11T23:41:33.969Z] WebElementLocator - _handleLocateCommand - Element(s) NOT Found: GAVE UP. Search Stop Time: 1583970093920

  phantomjs://platform/console++.js:263 in error
[ERROR - 2020-03-11T23:41:34.328Z] WebElementLocator - _handleLocateCommand - Element(s) NOT Found: GAVE UP. Search Stop Time: 1583970094276

  phantomjs://platform/console++.js:263 in error
[ERROR - 2020-03-11T23:41:34.687Z] WebElementLocator - _handleLocateCommand - Element(s) NOT Found: GAVE UP. Search Stop Time: 1583970094635

  phantomjs://platform/console++.js:263 in error
[ERROR - 2020-03-11T23:41:35.046Z] WebElementLocator - _handleLocateCommand - Element(s) NOT Found: GAVE UP. Search Stop Time: 1583970094993

  phantomjs://platform/console++.js:263 in error
[ERROR - 2020-03-11T23:41:35.404Z] WebElementLocator - _handleLocateCommand - Element(s) NOT Found: GAVE UP. Search Stop Time: 1583970095353

  phantomjs://platform/console++.js:263 in error
[ERROR - 2020-03-11T23:41:35.764Z] WebElementLocator - _handleLocateCommand - Element(s) NOT Found: GAVE UP. Search Stop Time: 1583970095711

  phantomjs://platform/console++.js:263 in error
[ERROR - 2020-03-11T23:41:36.122Z] WebElementLocator - _handleLocateCommand - Element(s) NOT Found: GAVE UP. Search Stop Time: 1583970096071

  phantomjs://platform/console++.js:263 in error
[ERROR - 2020-03-11T23:41:36.481Z] WebElementLocator - _handleLocateCommand - Element(s) NOT Found: GAVE UP. Search Stop Time: 1583970096428

  phantomjs://platform/console++.js:263 in error
[ERROR - 2020-03-11T23:41:36.839Z] WebElementLocator - _handleLocateCommand - Element(s) NOT Found: GAVE UP. Search Stop Time: 1583970096788

  phantomjs://platform/console++.js:263 in error
[ERROR - 2020-03-11T23:41:37.198Z] WebElementLocator - _handleLocateCommand - Element(s) NOT Found: GAVE UP. Search Stop Time: 1583970097145

  phantomjs://platform/console++.js:263 in error
[ERROR - 2020-03-11T23:41:37.557Z] WebElementLocator - _handleLocateCommand - Element(s) NOT Found: GAVE UP. Search Stop Time: 1583970097505

  phantomjs://platform/console++.js:263 in error
[ERROR - 2020-03-11T23:41:37.916Z] WebElementLocator - _handleLocateCommand - Element(s) NOT Found: GAVE UP. Search Stop Time: 1583970097863

  phantomjs://platform/console++.js:263 in error
[ERROR - 2020-03-11T23:41:38.275Z] WebElementLocator - _handleLocateCommand - Element(s) NOT Found: GAVE UP. Search Stop Time: 1583970098223

  phantomjs://platform/console++.js:263 in error
[ERROR - 2020-03-11T23:41:38.636Z] WebElementLocator - _handleLocateCommand - Element(s) NOT Found: GAVE UP. Search Stop Time: 1583970098581

  phantomjs://platform/console++.js:263 in error
[ERROR - 2020-03-11T23:41:38.993Z] WebElementLocator - _handleLocateCommand - Element(s) NOT Found: GAVE UP. Search Stop Time: 1583970098943

  phantomjs://platform/console++.js:263 in error
[ERROR - 2020-03-11T23:41:39.353Z] WebElementLocator - _handleLocateCommand - Element(s) NOT Found: GAVE UP. Search Stop Time: 1583970099302

  phantomjs://platform/console++.js:263 in error
[ERROR - 2020-03-11T23:41:39.711Z] WebElementLocator - _handleLocateCommand - Element(s) NOT Found: GAVE UP. Search Stop Time: 1583970099660

  phantomjs://platform/console++.js:263 in error
[ERROR - 2020-03-11T23:41:40.070Z] WebElementLocator - _handleLocateCommand - Element(s) NOT Found: GAVE UP. Search Stop Time: 1583970100017

  phantomjs://platform/console++.js:263 in error
[ERROR - 2020-03-11T23:41:40.428Z] WebElementLocator - _handleLocateCommand - Element(s) NOT Found: GAVE UP. Search Stop Time: 1583970100377

  phantomjs://platform/console++.js:263 in error
[ERROR - 2020-03-11T23:41:40.788Z] WebElementLocator - _handleLocateCommand - Element(s) NOT Found: GAVE UP. Search Stop Time: 1583970100735

  phantomjs://platform/console++.js:263 in error
[ERROR - 2020-03-11T23:41:41.146Z] WebElementLocator - _handleLocateCommand - Element(s) NOT Found: GAVE UP. Search Stop Time: 1583970101095

  phantomjs://platform/console++.js:263 in error
[ERROR - 2020-03-11T23:41:41.506Z] WebElementLocator - _handleLocateCommand - Element(s) NOT Found: GAVE UP. Search Stop Time: 1583970101453

  phantomjs://platform/console++.js:263 in error
[ERROR - 2020-03-11T23:41:41.864Z] WebElementLocator - _handleLocateCommand - Element(s) NOT Found: GAVE UP. Search Stop Time: 1583970101813

  phantomjs://platform/console++.js:263 in error
[ERROR - 2020-03-11T23:41:42.222Z] WebElementLocator - _handleLocateCommand - Element(s) NOT Found: GAVE UP. Search Stop Time: 1583970102170

  phantomjs://platform/console++.js:263 in error
[ERROR - 2020-03-11T23:41:42.581Z] WebElementLocator - _handleLocateCommand - Element(s) NOT Found: GAVE UP. Search Stop Time: 1583970102530

  phantomjs://platform/console++.js:263 in error
[ERROR - 2020-03-11T23:41:42.940Z] WebElementLocator - _handleLocateCommand - Element(s) NOT Found: GAVE UP. Search Stop Time: 1583970102889

  phantomjs://platform/console++.js:263 in error
[ERROR - 2020-03-11T23:41:43.299Z] WebElementLocator - _handleLocateCommand - Element(s) NOT Found: GAVE UP. Search Stop Time: 1583970103249

  phantomjs://platform/console++.js:263 in error
[ERROR - 2020-03-11T23:41:43.658Z] WebElementLocator - _handleLocateCommand - Element(s) NOT Found: GAVE UP. Search Stop Time: 1583970103606

  phantomjs://platform/console++.js:263 in error
[ERROR - 2020-03-11T23:41:44.016Z] WebElementLocator - _handleLocateCommand - Element(s) NOT Found: GAVE UP. Search Stop Time: 1583970103967

  phantomjs://platform/console++.js:263 in error
[ERROR - 2020-03-11T23:41:44.376Z] WebElementLocator - _handleLocateCommand - Element(s) NOT Found: GAVE UP. Search Stop Time: 1583970104323

  phantomjs://platform/console++.js:263 in error
[ERROR - 2020-03-11T23:41:44.734Z] WebElementLocator - _handleLocateCommand - Element(s) NOT Found: GAVE UP. Search Stop Time: 1583970104686

  phantomjs://platform/console++.js:263 in error
[ERROR - 2020-03-11T23:41:45.093Z] WebElementLocator - _handleLocateCommand - Element(s) NOT Found: GAVE UP. Search Stop Time: 1583970105042

  phantomjs://platform/console++.js:263 in error
[ERROR - 2020-03-11T23:41:45.451Z] WebElementLocator - _handleLocateCommand - Element(s) NOT Found: GAVE UP. Search Stop Time: 1583970105401

  phantomjs://platform/console++.js:263 in error
[ERROR - 2020-03-11T23:41:45.811Z] WebElementLocator - _handleLocateCommand - Element(s) NOT Found: GAVE UP. Search Stop Time: 1583970105759

  phantomjs://platform/console++.js:263 in error
[ERROR - 2020-03-11T23:41:46.169Z] WebElementLocator - _handleLocateCommand - Element(s) NOT Found: GAVE UP. Search Stop Time: 1583970106123

  phantomjs://platform/console++.js:263 in error
[ERROR - 2020-03-11T23:41:46.528Z] WebElementLocator - _handleLocateCommand - Element(s) NOT Found: GAVE UP. Search Stop Time: 1583970106477

  phantomjs://platform/console++.js:263 in error
[ERROR - 2020-03-11T23:41:46.887Z] WebElementLocator - _handleLocateCommand - Element(s) NOT Found: GAVE UP. Search Stop Time: 1583970106836

  phantomjs://platform/console++.js:263 in error
[ERROR - 2020-03-11T23:41:47.246Z] WebElementLocator - _handleLocateCommand - Element(s) NOT Found: GAVE UP. Search Stop Time: 1583970107199

  phantomjs://platform/console++.js:263 in error
[ERROR - 2020-03-11T23:41:47.605Z] WebElementLocator - _handleLocateCommand - Element(s) NOT Found: GAVE UP. Search Stop Time: 1583970107556

  phantomjs://platform/console++.js:263 in error
[ERROR - 2020-03-11T23:41:47.963Z] WebElementLocator - _handleLocateCommand - Element(s) NOT Found: GAVE UP. Search Stop Time: 1583970107919

  phantomjs://platform/console++.js:263 in error
[ERROR - 2020-03-11T23:41:48.322Z] WebElementLocator - _handleLocateCommand - Element(s) NOT Found: GAVE UP. Search Stop Time: 1583970108271

  phantomjs://platform/console++.js:263 in error
[ERROR - 2020-03-11T23:41:48.681Z] WebElementLocator - _handleLocateCommand - Element(s) NOT Found: GAVE UP. Search Stop Time: 1583970108634

  phantomjs://platform/console++.js:263 in error
[ERROR - 2020-03-11T23:41:49.040Z] WebElementLocator - _handleLocateCommand - Element(s) NOT Found: GAVE UP. Search Stop Time: 1583970108987

  phantomjs://platform/console++.js:263 in error
[ERROR - 2020-03-11T23:41:49.398Z] WebElementLocator - _handleLocateCommand - Element(s) NOT Found: GAVE UP. Search Stop Time: 1583970109354

  phantomjs://platform/console++.js:263 in error
[ERROR - 2020-03-11T23:41:49.758Z] WebElementLocator - _handleLocateCommand - Element(s) NOT Found: GAVE UP. Search Stop Time: 1583970109705

  phantomjs://platform/console++.js:263 in error
[ERROR - 2020-03-11T23:41:50.116Z] WebElementLocator - _handleLocateCommand - Element(s) NOT Found: GAVE UP. Search Stop Time: 1583970110072

  phantomjs://platform/console++.js:263 in error
[ERROR - 2020-03-11T23:41:50.475Z] WebElementLocator - _handleLocateCommand - Element(s) NOT Found: GAVE UP. Search Stop Time: 1583970110423

  phantomjs://platform/console++.js:263 in error
[ERROR - 2020-03-11T23:41:50.852Z] WebElementLocator - _handleLocateCommand - Element(s) NOT Found: GAVE UP. Search Stop Time: 1583970110791

  phantomjs://platform/console++.js:263 in error
[ERROR - 2020-03-11T23:41:51.211Z] WebElementLocator - _handleLocateCommand - Element(s) NOT Found: GAVE UP. Search Stop Time: 1583970111165

  phantomjs://platform/console++.js:263 in error
[ERROR - 2020-03-11T23:41:51.588Z] WebElementLocator - _handleLocateCommand - Element(s) NOT Found: GAVE UP. Search Stop Time: 1583970111527

  phantomjs://platform/console++.js:263 in error
[ERROR - 2020-03-11T23:41:51.962Z] WebElementLocator - _handleLocateCommand - Element(s) NOT Found: GAVE UP. Search Stop Time: 1583970111906

  phantomjs://platform/console++.js:263 in error
[ERROR - 2020-03-11T23:41:52.320Z] WebElementLocator - _handleLocateCommand - Element(s) NOT Found: GAVE UP. Search Stop Time: 1583970112277

  phantomjs://platform/console++.js:263 in error
[ERROR - 2020-03-11T23:41:52.680Z] WebElementLocator - _handleLocateCommand - Element(s) NOT Found: GAVE UP. Search Stop Time: 1583970112627

  phantomjs://platform/console++.js:263 in error
[ERROR - 2020-03-11T23:41:53.039Z] WebElementLocator - _handleLocateCommand - Element(s) NOT Found: GAVE UP. Search Stop Time: 1583970112993

  phantomjs://platform/console++.js:263 in error
[ERROR - 2020-03-11T23:41:53.398Z] WebElementLocator - _handleLocateCommand - Element(s) NOT Found: GAVE UP. Search Stop Time: 1583970113346

  phantomjs://platform/console++.js:263 in error
[ERROR - 2020-03-11T23:41:53.757Z] WebElementLocator - _handleLocateCommand - Element(s) NOT Found: GAVE UP. Search Stop Time: 1583970113710

  phantomjs://platform/console++.js:263 in error
[ERROR - 2020-03-11T23:41:54.115Z] WebElementLocator - _handleLocateCommand - Element(s) NOT Found: GAVE UP. Search Stop Time: 1583970114063

  phantomjs://platform/console++.js:263 in error
[ERROR - 2020-03-11T23:41:54.474Z] WebElementLocator - _handleLocateCommand - Element(s) NOT Found: GAVE UP. Search Stop Time: 1583970114427

  phantomjs://platform/console++.js:263 in error
[ERROR - 2020-03-11T23:41:54.833Z] WebElementLocator - _handleLocateCommand - Element(s) NOT Found: GAVE UP. Search Stop Time: 1583970114781

  phantomjs://platform/console++.js:263 in error
[ERROR - 2020-03-11T23:41:55.192Z] WebElementLocator - _handleLocateCommand - Element(s) NOT Found: GAVE UP. Search Stop Time: 1583970115146

  phantomjs://platform/console++.js:263 in error
[ERROR - 2020-03-11T23:41:55.551Z] WebElementLocator - _handleLocateCommand - Element(s) NOT Found: GAVE UP. Search Stop Time: 1583970115499

  phantomjs://platform/console++.js:263 in error
[ERROR - 2020-03-11T23:41:55.909Z] WebElementLocator - _handleLocateCommand - Element(s) NOT Found: GAVE UP. Search Stop Time: 1583970115863

  phantomjs://platform/console++.js:263 in error
[ERROR - 2020-03-11T23:41:56.268Z] WebElementLocator - _handleLocateCommand - Element(s) NOT Found: GAVE UP. Search Stop Time: 1583970116216

  phantomjs://platform/console++.js:263 in error
[ERROR - 2020-03-11T23:41:56.627Z] WebElementLocator - _handleLocateCommand - Element(s) NOT Found: GAVE UP. Search Stop Time: 1583970116582

  phantomjs://platform/console++.js:263 in error
[ERROR - 2020-03-11T23:41:56.992Z] WebElementLocator - _handleLocateCommand - Element(s) NOT Found: GAVE UP. Search Stop Time: 1583970116934

  phantomjs://platform/console++.js:263 in error
[ERROR - 2020-03-11T23:41:57.361Z] WebElementLocator - _handleLocateCommand - Element(s) NOT Found: GAVE UP. Search Stop Time: 1583970117306

  phantomjs://platform/console++.js:263 in error
[ERROR - 2020-03-11T23:41:57.722Z] WebElementLocator - _handleLocateCommand - Element(s) NOT Found: GAVE UP. Search Stop Time: 1583970117668

  phantomjs://platform/console++.js:263 in error
[ERROR - 2020-03-11T23:41:58.110Z] WebElementLocator - _handleLocateCommand - Element(s) NOT Found: GAVE UP. Search Stop Time: 1583970118063

  phantomjs://platform/console++.js:263 in error
[ERROR - 2020-03-11T23:41:58.469Z] WebElementLocator - _handleLocateCommand - Element(s) NOT Found: GAVE UP. Search Stop Time: 1583970118422

  phantomjs://platform/console++.js:263 in error
[ERROR - 2020-03-11T23:41:58.828Z] WebElementLocator - _handleLocateCommand - Element(s) NOT Found: GAVE UP. Search Stop Time: 1583970118782

  phantomjs://platform/console++.js:263 in error
[ERROR - 2020-03-11T23:41:59.203Z] WebElementLocator - _handleLocateCommand - Element(s) NOT Found: GAVE UP. Search Stop Time: 1583970119152

  phantomjs://platform/console++.js:263 in error
[ERROR - 2020-03-11T23:41:59.573Z] WebElementLocator - _handleLocateCommand - Element(s) NOT Found: GAVE UP. Search Stop Time: 1583970119515

  phantomjs://platform/console++.js:263 in error
[ERROR - 2020-03-11T23:41:59.934Z] WebElementLocator - _handleLocateCommand - Element(s) NOT Found: GAVE UP. Search Stop Time: 1583970119880

  phantomjs://platform/console++.js:263 in error
[ERROR - 2020-03-11T23:42:00.294Z] WebElementLocator - _handleLocateCommand - Element(s) NOT Found: GAVE UP. Search Stop Time: 1583970120242

  phantomjs://platform/console++.js:263 in error
[ERROR - 2020-03-11T23:42:00.656Z] WebElementLocator - _handleLocateCommand - Element(s) NOT Found: GAVE UP. Search Stop Time: 1583970120601

  phantomjs://platform/console++.js:263 in error
[ERROR - 2020-03-11T23:42:01.012Z] WebElementLocator - _handleLocateCommand - Element(s) NOT Found: GAVE UP. Search Stop Time: 1583970120963

  phantomjs://platform/console++.js:263 in error
[ERROR - 2020-03-11T23:42:01.373Z] WebElementLocator - _handleLocateCommand - Element(s) NOT Found: GAVE UP. Search Stop Time: 1583970121318

  phantomjs://platform/console++.js:263 in error
[ERROR - 2020-03-11T23:42:01.731Z] WebElementLocator - _handleLocateCommand - Element(s) NOT Found: GAVE UP. Search Stop Time: 1583970121680

  phantomjs://platform/console++.js:263 in error
[ERROR - 2020-03-11T23:42:02.092Z] WebElementLocator - _handleLocateCommand - Element(s) NOT Found: GAVE UP. Search Stop Time: 1583970122038

  phantomjs://platform/console++.js:263 in error
[ERROR - 2020-03-11T23:42:02.449Z] WebElementLocator - _handleLocateCommand - Element(s) NOT Found: GAVE UP. Search Stop Time: 1583970122402

  phantomjs://platform/console++.js:263 in error
[ERROR - 2020-03-11T23:42:02.809Z] WebElementLocator - _handleLocateCommand - Element(s) NOT Found: GAVE UP. Search Stop Time: 1583970122757

  phantomjs://platform/console++.js:263 in error
[ERROR - 2020-03-11T23:42:03.168Z] WebElementLocator - _handleLocateCommand - Element(s) NOT Found: GAVE UP. Search Stop Time: 1583970123117

  phantomjs://platform/console++.js:263 in error
[ERROR - 2020-03-11T23:42:03.524Z] WebElementLocator - _handleLocateCommand - Element(s) NOT Found: GAVE UP. Search Stop Time: 1583970123477

  phantomjs://platform/console++.js:263 in error
[ERROR - 2020-03-11T23:42:03.901Z] WebElementLocator - _handleLocateCommand - Element(s) NOT Found: GAVE UP. Search Stop Time: 1583970123845

  phantomjs://platform/console++.js:263 in error
[ERROR - 2020-03-11T23:42:04.260Z] WebElementLocator - _handleLocateCommand - Element(s) NOT Found: GAVE UP. Search Stop Time: 1583970124208

  phantomjs://platform/console++.js:263 in error
[ERROR - 2020-03-11T23:42:04.619Z] WebElementLocator - _handleLocateCommand - Element(s) NOT Found: GAVE UP. Search Stop Time: 1583970124566

  phantomjs://platform/console++.js:263 in error
[ERROR - 2020-03-11T23:42:04.977Z] WebElementLocator - _handleLocateCommand - Element(s) NOT Found: GAVE UP. Search Stop Time: 1583970124926

  phantomjs://platform/console++.js:263 in error
[ERROR - 2020-03-11T23:42:05.336Z] WebElementLocator - _handleLocateCommand - Element(s) NOT Found: GAVE UP. Search Stop Time: 1583970125284

  phantomjs://platform/console++.js:263 in error
[ERROR - 2020-03-11T23:42:05.695Z] WebElementLocator - _handleLocateCommand - Element(s) NOT Found: GAVE UP. Search Stop Time: 1583970125643

  phantomjs://platform/console++.js:263 in error
[ERROR - 2020-03-11T23:42:06.055Z] WebElementLocator - _handleLocateCommand - Element(s) NOT Found: GAVE UP. Search Stop Time: 1583970126002

  phantomjs://platform/console++.js:263 in error
[ERROR - 2020-03-11T23:42:06.414Z] WebElementLocator - _handleLocateCommand - Element(s) NOT Found: GAVE UP. Search Stop Time: 1583970126364

  phantomjs://platform/console++.js:263 in error
[ERROR - 2020-03-11T23:42:06.772Z] WebElementLocator - _handleLocateCommand - Element(s) NOT Found: GAVE UP. Search Stop Time: 1583970126721

  phantomjs://platform/console++.js:263 in error
[ERROR - 2020-03-11T23:42:07.131Z] WebElementLocator - _handleLocateCommand - Element(s) NOT Found: GAVE UP. Search Stop Time: 1583970127079

  phantomjs://platform/console++.js:263 in error
[ERROR - 2020-03-11T23:42:07.506Z] WebElementLocator - _handleLocateCommand - Element(s) NOT Found: GAVE UP. Search Stop Time: 1583970127447

  phantomjs://platform/console++.js:263 in error
[ERROR - 2020-03-11T23:42:07.865Z] WebElementLocator - _handleLocateCommand - Element(s) NOT Found: GAVE UP. Search Stop Time: 1583970127813

  phantomjs://platform/console++.js:263 in error
[ERROR - 2020-03-11T23:42:08.241Z] WebElementLocator - _handleLocateCommand - Element(s) NOT Found: GAVE UP. Search Stop Time: 1583970128182

  phantomjs://platform/console++.js:263 in error
[ERROR - 2020-03-11T23:42:08.599Z] WebElementLocator - _handleLocateCommand - Element(s) NOT Found: GAVE UP. Search Stop Time: 1583970128548

  phantomjs://platform/console++.js:263 in error
[ERROR - 2020-03-11T23:42:08.958Z] WebElementLocator - _handleLocateCommand - Element(s) NOT Found: GAVE UP. Search Stop Time: 1583970128914

  phantomjs://platform/console++.js:263 in error
[ERROR - 2020-03-11T23:42:09.319Z] WebElementLocator - _handleLocateCommand - Element(s) NOT Found: GAVE UP. Search Stop Time: 1583970129265

  phantomjs://platform/console++.js:263 in error
[ERROR - 2020-03-11T23:42:09.694Z] WebElementLocator - _handleLocateCommand - Element(s) NOT Found: GAVE UP. Search Stop Time: 1583970129635

  phantomjs://platform/console++.js:263 in error
[ERROR - 2020-03-11T23:42:10.053Z] WebElementLocator - _handleLocateCommand - Element(s) NOT Found: GAVE UP. Search Stop Time: 1583970130001

  phantomjs://platform/console++.js:263 in error
[ERROR - 2020-03-11T23:42:10.412Z] WebElementLocator - _handleLocateCommand - Element(s) NOT Found: GAVE UP. Search Stop Time: 1583970130364

  phantomjs://platform/console++.js:263 in error
[ERROR - 2020-03-11T23:42:10.773Z] WebElementLocator - _handleLocateCommand - Element(s) NOT Found: GAVE UP. Search Stop Time: 1583970130719

  phantomjs://platform/console++.js:263 in error
[ERROR - 2020-03-11T23:42:11.146Z] WebElementLocator - _handleLocateCommand - Element(s) NOT Found: GAVE UP. Search Stop Time: 1583970131090

  phantomjs://platform/console++.js:263 in error
[ERROR - 2020-03-11T23:42:11.505Z] WebElementLocator - _handleLocateCommand - Element(s) NOT Found: GAVE UP. Search Stop Time: 1583970131453

  phantomjs://platform/console++.js:263 in error
[ERROR - 2020-03-11T23:42:11.864Z] WebElementLocator - _handleLocateCommand - Element(s) NOT Found: GAVE UP. Search Stop Time: 1583970131819

  phantomjs://platform/console++.js:263 in error
[ERROR - 2020-03-11T23:42:12.224Z] WebElementLocator - _handleLocateCommand - Element(s) NOT Found: GAVE UP. Search Stop Time: 1583970132171

  phantomjs://platform/console++.js:263 in error
[ERROR - 2020-03-11T23:42:12.582Z] WebElementLocator - _handleLocateCommand - Element(s) NOT Found: GAVE UP. Search Stop Time: 1583970132536

  phantomjs://platform/console++.js:263 in error
[ERROR - 2020-03-11T23:42:12.941Z] WebElementLocator - _handleLocateCommand - Element(s) NOT Found: GAVE UP. Search Stop Time: 1583970132892

  phantomjs://platform/console++.js:263 in error
[ERROR - 2020-03-11T23:42:13.317Z] WebElementLocator - _handleLocateCommand - Element(s) NOT Found: GAVE UP. Search Stop Time: 1583970133258

  phantomjs://platform/console++.js:263 in error
[ERROR - 2020-03-11T23:42:13.675Z] WebElementLocator - _handleLocateCommand - Element(s) NOT Found: GAVE UP. Search Stop Time: 1583970133624

  phantomjs://platform/console++.js:263 in error
[ERROR - 2020-03-11T23:42:14.050Z] WebElementLocator - _handleLocateCommand - Element(s) NOT Found: GAVE UP. Search Stop Time: 1583970133994

  phantomjs://platform/console++.js:263 in error
[ERROR - 2020-03-11T23:42:14.409Z] WebElementLocator - _handleLocateCommand - Element(s) NOT Found: GAVE UP. Search Stop Time: 1583970134356

  phantomjs://platform/console++.js:263 in error
[ERROR - 2020-03-11T23:42:14.768Z] WebElementLocator - _handleLocateCommand - Element(s) NOT Found: GAVE UP. Search Stop Time: 1583970134723

  phantomjs://platform/console++.js:263 in error
[ERROR - 2020-03-11T23:42:15.128Z] WebElementLocator - _handleLocateCommand - Element(s) NOT Found: GAVE UP. Search Stop Time: 1583970135075

  phantomjs://platform/console++.js:263 in error
[ERROR - 2020-03-11T23:42:15.487Z] WebElementLocator - _handleLocateCommand - Element(s) NOT Found: GAVE UP. Search Stop Time: 1583970135440

  phantomjs://platform/console++.js:263 in error
[ERROR - 2020-03-11T23:42:15.846Z] WebElementLocator - _handleLocateCommand - Element(s) NOT Found: GAVE UP. Search Stop Time: 1583970135793

  phantomjs://platform/console++.js:263 in error
[ERROR - 2020-03-11T23:42:16.205Z] WebElementLocator - _handleLocateCommand - Element(s) NOT Found: GAVE UP. Search Stop Time: 1583970136157

  phantomjs://platform/console++.js:263 in error
[ERROR - 2020-03-11T23:42:16.563Z] WebElementLocator - _handleLocateCommand - Element(s) NOT Found: GAVE UP. Search Stop Time: 1583970136512

  phantomjs://platform/console++.js:263 in error
[ERROR - 2020-03-11T23:42:16.922Z] WebElementLocator - _handleLocateCommand - Element(s) NOT Found: GAVE UP. Search Stop Time: 1583970136879

  phantomjs://platform/console++.js:263 in error
[ERROR - 2020-03-11T23:42:17.281Z] WebElementLocator - _handleLocateCommand - Element(s) NOT Found: GAVE UP. Search Stop Time: 1583970137230

  phantomjs://platform/console++.js:263 in error
[ERROR - 2020-03-11T23:42:17.640Z] WebElementLocator - _handleLocateCommand - Element(s) NOT Found: GAVE UP. Search Stop Time: 1583970137595

  phantomjs://platform/console++.js:263 in error
[ERROR - 2020-03-11T23:42:17.998Z] WebElementLocator - _handleLocateCommand - Element(s) NOT Found: GAVE UP. Search Stop Time: 1583970137946

  phantomjs://platform/console++.js:263 in error
[ERROR - 2020-03-11T23:42:18.357Z] WebElementLocator - _handleLocateCommand - Element(s) NOT Found: GAVE UP. Search Stop Time: 1583970138310

  phantomjs://platform/console++.js:263 in error
[ERROR - 2020-03-11T23:42:18.716Z] WebElementLocator - _handleLocateCommand - Element(s) NOT Found: GAVE UP. Search Stop Time: 1583970138664

  phantomjs://platform/console++.js:263 in error
[ERROR - 2020-03-11T23:42:19.075Z] WebElementLocator - _handleLocateCommand - Element(s) NOT Found: GAVE UP. Search Stop Time: 1583970139028

  phantomjs://platform/console++.js:263 in error
[ERROR - 2020-03-11T23:42:19.434Z] WebElementLocator - _handleLocateCommand - Element(s) NOT Found: GAVE UP. Search Stop Time: 1583970139382

  phantomjs://platform/console++.js:263 in error
[ERROR - 2020-03-11T23:42:19.792Z] WebElementLocator - _handleLocateCommand - Element(s) NOT Found: GAVE UP. Search Stop Time: 1583970139746

  phantomjs://platform/console++.js:263 in error
[ERROR - 2020-03-11T23:42:20.151Z] WebElementLocator - _handleLocateCommand - Element(s) NOT Found: GAVE UP. Search Stop Time: 1583970140099

  phantomjs://platform/console++.js:263 in error
[ERROR - 2020-03-11T23:42:20.510Z] WebElementLocator - _handleLocateCommand - Element(s) NOT Found: GAVE UP. Search Stop Time: 1583970140463

  phantomjs://platform/console++.js:263 in error
[ERROR - 2020-03-11T23:42:20.869Z] WebElementLocator - _handleLocateCommand - Element(s) NOT Found: GAVE UP. Search Stop Time: 1583970140818

  phantomjs://platform/console++.js:263 in error
[ERROR - 2020-03-11T23:42:21.228Z] WebElementLocator - _handleLocateCommand - Element(s) NOT Found: GAVE UP. Search Stop Time: 1583970141181

  phantomjs://platform/console++.js:263 in error
